[INFO] 26.10.2019 13:48.23 | test1 - /home/dima/FtpLike/rootdir/test1/
[ERROR] 26.10.2019 13:56.08 | Communications link failure

The last packet sent successfully to the server was 0 milliseconds ago. The driver has not received any packets from the server.
[ERROR] 26.10.2019 13:56.08 | Communications link failure

The last packet sent successfully to the server was 0 milliseconds ago. The driver has not received any packets from the server.
[ERROR] 26.10.2019 13:59.05 | Could not connect to address=(host=example.com)(port=3306)(type=master) : Socket fail to connect to host:example.com, port:3306. Connection refused
[ERROR] 26.10.2019 13:59.05 | Could not connect to address=(host=example.com)(port=3306)(type=master) : Socket fail to connect to host:example.com, port:3306. Connection refused
[ERROR] 26.10.2019 14:01.01 | Could not connect to address=(host=example.com)(port=3306)(type=master) : Socket fail to connect to host:example.com, port:3306. Connection refused
[ERROR] 26.10.2019 14:01.01 | Could not connect to address=(host=example.com)(port=3306)(type=master) : Socket fail to connect to host:example.com, port:3306. Connection refused
[ERROR] 29.10.2019 14:43.43 | Communications link failure

The last packet sent successfully to the server was 0 milliseconds ago. The driver has not received any packets from the server.
[ERROR] 29.10.2019 14:46.23 | Communications link failure

The last packet sent successfully to the server was 0 milliseconds ago. The driver has not received any packets from the server.
[ERROR] 04.11.2019 10:00.43 | Communications link failure

The last packet sent successfully to the server was 0 milliseconds ago. The driver has not received any packets from the server.
[ERROR] 04.11.2019 10:03.22 | Communications link failure

The last packet sent successfully to the server was 0 milliseconds ago. The driver has not received any packets from the server.
[ERROR] 04.11.2019 10:07.22 | Communications link failure

The last packet sent successfully to the server was 0 milliseconds ago. The driver has not received any packets from the server.
[INFO] 04.11.2019 10:18.29 | test1 - /home/dima/FtpLike/rootdir/test1/
[INFO] 04.11.2019 16:03.55 | test1 - /rootdir/test1/
[INFO] 04.11.2019 16:05.33 | test1 - /home/dima/FtpLike/rootdir/test1/
[INFO] 04.11.2019 16:17.06 | test1 - /home/dima/FtpLike/rootdir/test1/
[INFO] 04.11.2019 16:17.16 | test1 - /home/dima/FtpLike/rootdir/test1/
[INFO] 04.11.2019 16:17.31 | test2 - /home/dima/FtpLike/rootdir/test2/
[INFO] 04.11.2019 22:16.36 | test3 - /home/dima/FtpLike/rootdir/test3/
[INFO] 04.11.2019 22:18.09 | test4 - /home/dima/FtpLike/rootdir/test4/
[INFO] 04.11.2019 22:20.03 | test5 - /home/dima/FtpLike/rootdir/test5/
[INFO] 05.11.2019 13:01.37 | test6 - /home/dima/FtpLike/rootdir/test6/
[INFO] 05.11.2019 13:02.33 | test6 - /home/dima/FtpLike/rootdir/test6/
[INFO] 05.11.2019 13:04.43 | test7 - /home/dima/FtpLike/rootdir/test7/
[INFO] 05.11.2019 13:05.16 | test7 - /home/dima/FtpLike/rootdir/test7/
[INFO] 05.11.2019 13:05.28 | test - /home/dima/FtpLike/rootdir/test/
[INFO] 05.11.2019 13:05.56 | test - /home/dima/FtpLike/rootdir/test/
[INFO] 05.11.2019 13:06.09 | test8 - /home/dima/FtpLike/rootdir/test8/
[INFO] 05.11.2019 13:45.04 | test9 - /home/dima/FtpLike/rootdir/test9/
[INFO] 05.11.2019 13:49.39 | test9 - /home/dima/FtpLike/rootdir/test9/
[INFO] 05.11.2019 13:49.54 | dima - /home/dima/FtpLike/rootdir/dima/
[INFO] 05.11.2019 13:49.55 | dima - /home/dima/FtpLike/rootdir/dima/
[INFO] 05.11.2019 13:54.58 | test - /home/dima/FtpLike/rootdir/test/
[INFO] 05.11.2019 13:54.58 | test - /home/dima/FtpLike/rootdir/test/
[INFO] 05.11.2019 15:15.29 | test1 - /home/dima/FtpLike/rootdirtest1/
[INFO] 05.11.2019 15:16.21 | test1 - /home/dima/FtpLike/rootdirtest1/
[INFO] 05.11.2019 15:18.23 | test1 - /home/dima/FtpLike/rootdir/test1/
[INFO] 05.11.2019 15:18.37 | test - /home/dima/FtpLike/rootdir/test/
[INFO] 05.11.2019 15:18.49 | test - /home/dima/FtpLike/rootdir/test/
[INFO] 05.11.2019 15:18.51 | test - /home/dima/FtpLike/rootdir/test/1/
[INFO] 05.11.2019 15:18.57 | test - /home/dima/FtpLike/rootdir/test1/1/
[INFO] 05.11.2019 15:18.59 | test - /home/dima/FtpLike/rootdir/test/
